2020/12/03 17:00:27 [emerg] 1#1: host not found in upstream "php-fpm" in /etc/nginx/conf.d/nginx.conf:13
2020/12/03 17:00:39 [emerg] 1#1: host not found in upstream "php-fpm" in /etc/nginx/conf.d/nginx.conf:13
2020/12/03 17:00:52 [emerg] 1#1: host not found in upstream "php-fpm" in /etc/nginx/conf.d/nginx.conf:13
2020/12/03 17:01:01 [emerg] 1#1: host not found in upstream "php-fpm" in /etc/nginx/conf.d/nginx.conf:13
2020/12/03 17:01:29 [emerg] 1#1: host not found in upstream "php-fpm" in /etc/nginx/conf.d/nginx.conf:13
2020/12/03 17:01:37 [emerg] 1#1: host not found in upstream "php-fpm" in /etc/nginx/conf.d/nginx.conf:13
2020/12/03 17:01:44 [emerg] 1#1: host not found in upstream "php-fpm" in /etc/nginx/conf.d/nginx.conf:13
2020/12/03 17:02:04 [emerg] 1#1: host not found in upstream "php-fpm" in /etc/nginx/conf.d/nginx.conf:13
2020/12/03 17:02:32 [emerg] 1#1: host not found in upstream "php-fpm" in /etc/nginx/conf.d/nginx.conf:13
2020/12/03 17:02:55 [emerg] 1#1: host not found in upstream "php-fpm" in /etc/nginx/conf.d/nginx.conf:13
2020/12/03 17:03:04 [emerg] 1#1: host not found in upstream "php-fpm" in /etc/nginx/conf.d/nginx.conf:13
2020/12/03 17:03:36 [emerg] 1#1: host not found in upstream "php-fpm" in /etc/nginx/conf.d/nginx.conf:13
2020/12/03 17:03:53 [emerg] 1#1: host not found in upstream "php-fpm" in /etc/nginx/conf.d/nginx.conf:13
2020/12/03 17:04:08 [emerg] 1#1: host not found in upstream "php-fpm" in /etc/nginx/conf.d/nginx.conf:13
2020/12/03 17:05:02 [emerg] 1#1: host not found in upstream "php-fpm" in /etc/nginx/conf.d/nginx.conf:13
2020/12/03 17:05:10 [emerg] 1#1: host not found in upstream "php-fpm" in /etc/nginx/conf.d/nginx.conf:13
2020/12/03 17:05:17 [emerg] 1#1: host not found in upstream "php-fpm" in /etc/nginx/conf.d/nginx.conf:13
2020/12/03 17:05:25 [emerg] 1#1: host not found in upstream "php-fpm" in /etc/nginx/conf.d/nginx.conf:13
2020/12/03 17:05:37 [emerg] 1#1: host not found in upstream "php-fpm" in /etc/nginx/conf.d/nginx.conf:13
2020/12/03 17:06:00 [emerg] 1#1: host not found in upstream "php-fpm" in /etc/nginx/conf.d/nginx.conf:13
2020/12/03 17:06:17 [emerg] 1#1: host not found in upstream "php-fpm" in /etc/nginx/conf.d/nginx.conf:13
2020/12/03 17:06:35 [emerg] 1#1: host not found in upstream "php-fpm" in /etc/nginx/conf.d/nginx.conf:13
2020/12/03 17:06:47 [emerg] 1#1: host not found in upstream "php-fpm" in /etc/nginx/conf.d/nginx.conf:13
2020/12/03 17:07:10 [emerg] 1#1: host not found in upstream "php-fpm" in /etc/nginx/conf.d/nginx.conf:13
2020/12/03 17:07:28 [emerg] 1#1: host not found in upstream "php-fpm" in /etc/nginx/conf.d/nginx.conf:13
2020/12/03 17:07:45 [emerg] 1#1: host not found in upstream "php-fpm" in /etc/nginx/conf.d/nginx.conf:13
2020/12/03 17:08:02 [emerg] 1#1: host not found in upstream "php-fpm" in /etc/nginx/conf.d/nginx.conf:13
2020/12/03 17:08:19 [emerg] 1#1: host not found in upstream "php-fpm" in /etc/nginx/conf.d/nginx.conf:13
2020/12/03 17:08:37 [emerg] 1#1: host not found in upstream "php-fpm" in /etc/nginx/conf.d/nginx.conf:13
2020/12/03 17:08:54 [emerg] 1#1: host not found in upstream "php-fpm" in /etc/nginx/conf.d/nginx.conf:13
2020/12/03 17:09:16 [emerg] 1#1: host not found in upstream "php-fpm" in /etc/nginx/conf.d/nginx.conf:13
2020/12/03 17:10:09 [emerg] 1#1: host not found in upstream "php-fpm" in /etc/nginx/conf.d/nginx.conf:13
2020/12/03 17:10:21 [emerg] 1#1: host not found in upstream "php-fpm" in /etc/nginx/conf.d/nginx.conf:13
2020/12/03 17:10:29 [emerg] 1#1: host not found in upstream "php-fpm" in /etc/nginx/conf.d/nginx.conf:13
2020/12/03 17:10:37 [emerg] 1#1: host not found in upstream "php-fpm" in /etc/nginx/conf.d/nginx.conf:13
2020/12/03 17:10:49 [emerg] 1#1: host not found in upstream "php-fpm" in /etc/nginx/conf.d/nginx.conf:13
2020/12/03 17:11:07 [emerg] 1#1: host not found in upstream "php-fpm" in /etc/nginx/conf.d/nginx.conf:13
2020/12/03 17:11:25 [emerg] 1#1: host not found in upstream "php-fpm" in /etc/nginx/conf.d/nginx.conf:13
2020/12/03 17:11:47 [emerg] 1#1: host not found in upstream "php-fpm" in /etc/nginx/conf.d/nginx.conf:13
2020/12/03 17:11:55 [emerg] 1#1: host not found in upstream "php-fpm" in /etc/nginx/conf.d/nginx.conf:13
2020/12/03 17:12:18 [emerg] 1#1: host not found in upstream "php-fpm" in /etc/nginx/conf.d/nginx.conf:13
2020/12/03 17:12:35 [emerg] 1#1: host not found in upstream "php-fpm" in /etc/nginx/conf.d/nginx.conf:13
2020/12/03 17:12:52 [emerg] 1#1: host not found in upstream "php-fpm" in /etc/nginx/conf.d/nginx.conf:13
2020/12/03 17:13:10 [emerg] 1#1: host not found in upstream "php-fpm" in /etc/nginx/conf.d/nginx.conf:13
2020/12/03 17:13:27 [emerg] 1#1: host not found in upstream "php-fpm" in /etc/nginx/conf.d/nginx.conf:13
2020/12/03 17:13:44 [emerg] 1#1: host not found in upstream "php-fpm" in /etc/nginx/conf.d/nginx.conf:13
2020/12/03 17:14:02 [emerg] 1#1: host not found in upstream "php-fpm" in /etc/nginx/conf.d/nginx.conf:13
2020/12/03 17:14:25 [emerg] 1#1: host not found in upstream "php-fpm" in /etc/nginx/conf.d/nginx.conf:13
2020/12/03 17:15:23 [emerg] 1#1: host not found in upstream "php-fpm" in /etc/nginx/conf.d/nginx.conf:13
2020/12/03 17:15:31 [emerg] 1#1: host not found in upstream "php-fpm" in /etc/nginx/conf.d/nginx.conf:13
2020/12/03 17:15:38 [emerg] 1#1: host not found in upstream "php-fpm" in /etc/nginx/conf.d/nginx.conf:13
2020/12/03 17:15:46 [emerg] 1#1: host not found in upstream "php-fpm" in /etc/nginx/conf.d/nginx.conf:13
2020/12/03 17:15:59 [emerg] 1#1: host not found in upstream "php-fpm" in /etc/nginx/conf.d/nginx.conf:13
2020/12/03 17:16:16 [emerg] 1#1: host not found in upstream "php-fpm" in /etc/nginx/conf.d/nginx.conf:13
2020/12/03 17:16:33 [emerg] 1#1: host not found in upstream "php-fpm" in /etc/nginx/conf.d/nginx.conf:13
2020/12/03 17:16:56 [emerg] 1#1: host not found in upstream "php-fpm" in /etc/nginx/conf.d/nginx.conf:13
2020/12/03 17:17:03 [emerg] 1#1: host not found in upstream "php-fpm" in /etc/nginx/conf.d/nginx.conf:13
2020/12/03 17:17:26 [emerg] 1#1: host not found in upstream "php-fpm" in /etc/nginx/conf.d/nginx.conf:13
2020/12/03 17:17:44 [emerg] 1#1: host not found in upstream "php-fpm" in /etc/nginx/conf.d/nginx.conf:13
2020/12/03 17:18:01 [emerg] 1#1: host not found in upstream "php-fpm" in /etc/nginx/conf.d/nginx.conf:13
2020/12/03 17:18:19 [emerg] 1#1: host not found in upstream "php-fpm" in /etc/nginx/conf.d/nginx.conf:13
2020/12/03 17:18:37 [emerg] 1#1: host not found in upstream "php-fpm" in /etc/nginx/conf.d/nginx.conf:13
2020/12/03 17:18:54 [emerg] 1#1: host not found in upstream "php-fpm" in /etc/nginx/conf.d/nginx.conf:13
2020/12/03 17:19:11 [emerg] 1#1: host not found in upstream "php-fpm" in /etc/nginx/conf.d/nginx.conf:13
2020/12/03 17:19:29 [emerg] 1#1: host not found in upstream "php-fpm" in /etc/nginx/conf.d/nginx.conf:13
2020/12/03 17:36:31 [emerg] 1#1: host not found in upstream "php-fpm" in /etc/nginx/conf.d/nginx.conf:13
2020/12/03 17:36:39 [emerg] 1#1: host not found in upstream "php-fpm" in /etc/nginx/conf.d/nginx.conf:13
2020/12/03 17:36:46 [emerg] 1#1: host not found in upstream "php-fpm" in /etc/nginx/conf.d/nginx.conf:13
2020/12/03 17:36:53 [emerg] 1#1: host not found in upstream "php-fpm" in /etc/nginx/conf.d/nginx.conf:13
2020/12/03 17:36:59 [emerg] 1#1: host not found in upstream "php-fpm" in /etc/nginx/conf.d/nginx.conf:13
2020/12/03 17:37:16 [emerg] 1#1: host not found in upstream "php-fpm" in /etc/nginx/conf.d/nginx.conf:13
2020/12/03 17:37:33 [emerg] 1#1: host not found in upstream "php-fpm" in /etc/nginx/conf.d/nginx.conf:13
2020/12/03 17:37:51 [emerg] 1#1: host not found in upstream "php-fpm" in /etc/nginx/conf.d/nginx.conf:13
2020/12/03 17:38:07 [emerg] 1#1: host not found in upstream "php-fpm" in /etc/nginx/conf.d/nginx.conf:13
2020/12/03 17:38:24 [emerg] 1#1: host not found in upstream "php-fpm" in /etc/nginx/conf.d/nginx.conf:13
2020/12/03 17:38:41 [emerg] 1#1: host not found in upstream "php-fpm" in /etc/nginx/conf.d/nginx.conf:13
2020/12/03 17:38:58 [emerg] 1#1: host not found in upstream "php-fpm" in /etc/nginx/conf.d/nginx.conf:13
2020/12/03 17:39:15 [emerg] 1#1: host not found in upstream "php-fpm" in /etc/nginx/conf.d/nginx.conf:13
2020/12/03 17:39:32 [emerg] 1#1: host not found in upstream "php-fpm" in /etc/nginx/conf.d/nginx.conf:13
2020/12/03 17:39:49 [emerg] 1#1: host not found in upstream "php-fpm" in /etc/nginx/conf.d/nginx.conf:13
2020/12/03 17:40:06 [emerg] 1#1: host not found in upstream "php-fpm" in /etc/nginx/conf.d/nginx.conf:13
2020/12/03 17:40:17 [emerg] 1#1: host not found in upstream "php-fpm" in /etc/nginx/conf.d/nginx.conf:13
2020/12/03 17:40:40 [emerg] 1#1: host not found in upstream "php-fpm" in /etc/nginx/conf.d/nginx.conf:13
2020/12/03 17:41:42 [emerg] 1#1: host not found in upstream "php-fpm" in /etc/nginx/conf.d/nginx.conf:13
2020/12/03 17:41:49 [emerg] 1#1: host not found in upstream "php-fpm" in /etc/nginx/conf.d/nginx.conf:13
2020/12/03 17:41:56 [emerg] 1#1: host not found in upstream "php-fpm" in /etc/nginx/conf.d/nginx.conf:13
2020/12/03 17:42:04 [emerg] 1#1: host not found in upstream "php-fpm" in /etc/nginx/conf.d/nginx.conf:13
2020/12/03 17:42:11 [emerg] 1#1: host not found in upstream "php-fpm" in /etc/nginx/conf.d/nginx.conf:13
2020/12/03 17:42:33 [emerg] 1#1: host not found in upstream "php-fpm" in /etc/nginx/conf.d/nginx.conf:13
2020/12/03 17:42:50 [emerg] 1#1: host not found in upstream "php-fpm" in /etc/nginx/conf.d/nginx.conf:13
2020/12/03 17:42:57 [emerg] 1#1: host not found in upstream "php-fpm" in /etc/nginx/conf.d/nginx.conf:13
2020/12/03 17:43:16 [emerg] 1#1: host not found in upstream "php-fpm" in /etc/nginx/conf.d/nginx.conf:13
2020/12/03 17:58:40 [emerg] 1#1: host not found in upstream "php-fpm" in /etc/nginx/conf.d/nginx.conf:13
2020/12/03 17:58:48 [emerg] 1#1: host not found in upstream "php-fpm" in /etc/nginx/conf.d/nginx.conf:13
2020/12/03 17:58:55 [emerg] 1#1: host not found in upstream "php-fpm" in /etc/nginx/conf.d/nginx.conf:13
2020/12/03 17:59:02 [emerg] 1#1: host not found in upstream "php-fpm" in /etc/nginx/conf.d/nginx.conf:13
2020/12/03 17:59:09 [emerg] 1#1: host not found in upstream "php-fpm" in /etc/nginx/conf.d/nginx.conf:13
2020/12/03 17:59:26 [emerg] 1#1: host not found in upstream "php-fpm" in /etc/nginx/conf.d/nginx.conf:13
2020/12/03 17:59:44 [emerg] 1#1: host not found in upstream "php-fpm" in /etc/nginx/conf.d/nginx.conf:13
2020/12/03 18:00:01 [emerg] 1#1: host not found in upstream "php-fpm" in /etc/nginx/conf.d/nginx.conf:13
2020/12/03 18:00:20 [emerg] 1#1: host not found in upstream "php-fpm" in /etc/nginx/conf.d/nginx.conf:13
2020/12/03 18:00:32 [emerg] 1#1: host not found in upstream "php-fpm" in /etc/nginx/conf.d/nginx.conf:13
2020/12/03 18:00:53 [emerg] 1#1: host not found in upstream "php-fpm" in /etc/nginx/conf.d/nginx.conf:13
2020/12/03 18:01:11 [emerg] 1#1: host not found in upstream "php-fpm" in /etc/nginx/conf.d/nginx.conf:13
2020/12/03 18:01:28 [emerg] 1#1: host not found in upstream "php-fpm" in /etc/nginx/conf.d/nginx.conf:13
2020/12/03 18:05:41 [emerg] 1#1: host not found in upstream "php-fpm" in /etc/nginx/conf.d/nginx.conf:13
2020/12/03 18:05:53 [emerg] 1#1: host not found in upstream "php-fpm" in /etc/nginx/conf.d/nginx.conf:13
2020/12/03 18:06:01 [emerg] 1#1: host not found in upstream "php-fpm" in /etc/nginx/conf.d/nginx.conf:13
2020/12/03 18:06:05 [emerg] 1#1: host not found in upstream "php-fpm" in /etc/nginx/conf.d/nginx.conf:13
2020/12/03 18:06:08 [emerg] 1#1: host not found in upstream "php-fpm" in /etc/nginx/conf.d/nginx.conf:13
2020/12/03 18:06:12 [emerg] 1#1: host not found in upstream "php-fpm" in /etc/nginx/conf.d/nginx.conf:13
2020/12/03 18:06:32 [emerg] 1#1: host not found in upstream "php-fpm" in /etc/nginx/conf.d/nginx.conf:13
2020/12/03 18:06:33 [emerg] 1#1: host not found in upstream "php-fpm" in /etc/nginx/conf.d/nginx.conf:13
2020/12/03 18:06:51 [emerg] 1#1: host not found in upstream "php-fpm" in /etc/nginx/conf.d/nginx.conf:13
2020/12/03 18:06:51 [emerg] 1#1: host not found in upstream "php-fpm" in /etc/nginx/conf.d/nginx.conf:13
2020/12/03 18:07:09 [emerg] 1#1: host not found in upstream "php-fpm" in /etc/nginx/conf.d/nginx.conf:13
2020/12/03 18:07:10 [emerg] 1#1: host not found in upstream "php-fpm" in /etc/nginx/conf.d/nginx.conf:13
2020/12/03 18:07:26 [emerg] 1#1: host not found in upstream "php-fpm" in /etc/nginx/conf.d/nginx.conf:13
2020/12/03 18:07:28 [emerg] 1#1: host not found in upstream "php-fpm" in /etc/nginx/conf.d/nginx.conf:13
2020/12/03 18:07:44 [emerg] 1#1: host not found in upstream "php-fpm" in /etc/nginx/conf.d/nginx.conf:13
2020/12/03 18:07:45 [emerg] 1#1: host not found in upstream "php-fpm" in /etc/nginx/conf.d/nginx.conf:13
2020/12/03 18:08:01 [emerg] 1#1: host not found in upstream "php-fpm" in /etc/nginx/conf.d/nginx.conf:13
2020/12/03 18:08:03 [emerg] 1#1: host not found in upstream "php-fpm" in /etc/nginx/conf.d/nginx.conf:13
2020/12/03 18:08:23 [emerg] 1#1: host not found in upstream "php-fpm" in /etc/nginx/conf.d/nginx.conf:13
2020/12/03 18:08:24 [emerg] 1#1: host not found in upstream "php-fpm" in /etc/nginx/conf.d/nginx.conf:13
2020/12/03 18:18:02 [emerg] 1#1: host not found in upstream "php-fpm" in /etc/nginx/conf.d/nginx.conf:13
2020/12/03 18:18:12 [emerg] 1#1: host not found in upstream "php-fpm" in /etc/nginx/conf.d/nginx.conf:13
2020/12/03 18:18:19 [emerg] 1#1: host not found in upstream "php-fpm" in /etc/nginx/conf.d/nginx.conf:13
2020/12/03 18:18:26 [emerg] 1#1: host not found in upstream "php-fpm" in /etc/nginx/conf.d/nginx.conf:13
2020/12/03 18:18:31 [emerg] 1#1: host not found in upstream "php-fpm" in /etc/nginx/conf.d/nginx.conf:13
2020/12/03 18:18:34 [emerg] 1#1: host not found in upstream "php-fpm" in /etc/nginx/conf.d/nginx.conf:13
2020/12/03 18:18:50 [emerg] 1#1: host not found in upstream "php-fpm" in /etc/nginx/conf.d/nginx.conf:13
2020/12/03 18:18:54 [emerg] 1#1: host not found in upstream "php-fpm" in /etc/nginx/conf.d/nginx.conf:13
2020/12/03 18:19:08 [emerg] 1#1: host not found in upstream "php-fpm" in /etc/nginx/conf.d/nginx.conf:13
2020/12/03 18:19:11 [emerg] 1#1: host not found in upstream "php-fpm" in /etc/nginx/conf.d/nginx.conf:13
2020/12/03 18:19:25 [emerg] 1#1: host not found in upstream "php-fpm" in /etc/nginx/conf.d/nginx.conf:13
2020/12/03 18:19:28 [emerg] 1#1: host not found in upstream "php-fpm" in /etc/nginx/conf.d/nginx.conf:13
2020/12/03 18:19:42 [emerg] 1#1: host not found in upstream "php-fpm" in /etc/nginx/conf.d/nginx.conf:13
2020/12/03 18:19:45 [emerg] 1#1: host not found in upstream "php-fpm" in /etc/nginx/conf.d/nginx.conf:13
2020/12/03 18:19:59 [emerg] 1#1: host not found in upstream "php-fpm" in /etc/nginx/conf.d/nginx.conf:13
2020/12/03 18:20:02 [emerg] 1#1: host not found in upstream "php-fpm" in /etc/nginx/conf.d/nginx.conf:13
2020/12/03 18:20:17 [emerg] 1#1: host not found in upstream "php-fpm" in /etc/nginx/conf.d/nginx.conf:13
2020/12/03 18:20:19 [emerg] 1#1: host not found in upstream "php-fpm" in /etc/nginx/conf.d/nginx.conf:13
2020/12/03 18:20:34 [emerg] 1#1: host not found in upstream "php-fpm" in /etc/nginx/conf.d/nginx.conf:13
2020/12/03 18:20:36 [emerg] 1#1: host not found in upstream "php-fpm" in /etc/nginx/conf.d/nginx.conf:13
2020/12/03 18:20:51 [emerg] 1#1: host not found in upstream "php-fpm" in /etc/nginx/conf.d/nginx.conf:13
2020/12/03 18:20:53 [emerg] 1#1: host not found in upstream "php-fpm" in /etc/nginx/conf.d/nginx.conf:13
2020/12/03 18:21:08 [emerg] 1#1: host not found in upstream "php-fpm" in /etc/nginx/conf.d/nginx.conf:13
2020/12/03 18:21:11 [emerg] 1#1: host not found in upstream "php-fpm" in /etc/nginx/conf.d/nginx.conf:13
2020/12/03 18:21:25 [emerg] 1#1: host not found in upstream "php-fpm" in /etc/nginx/conf.d/nginx.conf:13
2020/12/03 18:21:27 [emerg] 1#1: host not found in upstream "php-fpm" in /etc/nginx/conf.d/nginx.conf:13
2020/12/03 18:21:42 [emerg] 1#1: host not found in upstream "php-fpm" in /etc/nginx/conf.d/nginx.conf:13
2020/12/03 18:21:44 [emerg] 1#1: host not found in upstream "php-fpm" in /etc/nginx/conf.d/nginx.conf:13
2020/12/03 18:21:59 [emerg] 1#1: host not found in upstream "php-fpm" in /etc/nginx/conf.d/nginx.conf:13
2020/12/03 18:22:01 [emerg] 1#1: host not found in upstream "php-fpm" in /etc/nginx/conf.d/nginx.conf:13
2020/12/03 18:22:17 [emerg] 1#1: host not found in upstream "php-fpm" in /etc/nginx/conf.d/nginx.conf:13
2020/12/03 18:22:19 [emerg] 1#1: host not found in upstream "php-fpm" in /etc/nginx/conf.d/nginx.conf:13
2020/12/03 18:22:34 [emerg] 1#1: host not found in upstream "php-fpm" in /etc/nginx/conf.d/nginx.conf:13
2020/12/03 18:22:36 [emerg] 1#1: host not found in upstream "php-fpm" in /etc/nginx/conf.d/nginx.conf:13
2020/12/03 18:22:52 [emerg] 1#1: host not found in upstream "php-fpm" in /etc/nginx/conf.d/nginx.conf:13
2020/12/03 18:22:54 [emerg] 1#1: host not found in upstream "php-fpm" in /etc/nginx/conf.d/nginx.conf:13
2020/12/03 18:23:20 [emerg] 1#1: host not found in upstream "php-fpm" in /etc/nginx/conf.d/nginx.conf:13
2020/12/03 18:23:27 [emerg] 1#1: host not found in upstream "php-fpm" in /etc/nginx/conf.d/nginx.conf:13
2020/12/03 18:23:31 [emerg] 1#1: host not found in upstream "php-fpm" in /etc/nginx/conf.d/nginx.conf:13
2020/12/03 18:23:39 [emerg] 1#1: host not found in upstream "php-fpm" in /etc/nginx/conf.d/nginx.conf:13
2020/12/03 18:23:43 [emerg] 1#1: host not found in upstream "php-fpm" in /etc/nginx/conf.d/nginx.conf:13
2020/12/03 18:23:56 [emerg] 1#1: host not found in upstream "php-fpm" in /etc/nginx/conf.d/nginx.conf:13
2020/12/03 18:24:00 [emerg] 1#1: host not found in upstream "php-fpm" in /etc/nginx/conf.d/nginx.conf:13
2020/12/03 18:24:13 [emerg] 1#1: host not found in upstream "php-fpm" in /etc/nginx/conf.d/nginx.conf:13
2020/12/03 18:24:17 [emerg] 1#1: host not found in upstream "php-fpm" in /etc/nginx/conf.d/nginx.conf:13
2020/12/03 18:24:30 [emerg] 1#1: host not found in upstream "php-fpm" in /etc/nginx/conf.d/nginx.conf:13
2020/12/03 18:24:35 [emerg] 1#1: host not found in upstream "php-fpm" in /etc/nginx/conf.d/nginx.conf:13
2020/12/03 18:24:37 [emerg] 1#1: host not found in upstream "php-fpm" in /etc/nginx/conf.d/nginx.conf:13
2020/12/03 18:24:52 [emerg] 1#1: host not found in upstream "php-fpm" in /etc/nginx/conf.d/nginx.conf:13
2020/12/03 18:24:54 [emerg] 1#1: host not found in upstream "php-fpm" in /etc/nginx/conf.d/nginx.conf:13
2020/12/03 18:25:09 [emerg] 1#1: host not found in upstream "php-fpm" in /etc/nginx/conf.d/nginx.conf:13
2020/12/03 18:25:11 [emerg] 1#1: host not found in upstream "php-fpm" in /etc/nginx/conf.d/nginx.conf:13
2020/12/03 18:25:26 [emerg] 1#1: host not found in upstream "php-fpm" in /etc/nginx/conf.d/nginx.conf:13
2020/12/03 18:25:28 [emerg] 1#1: host not found in upstream "php-fpm" in /etc/nginx/conf.d/nginx.conf:13
2020/12/03 18:25:43 [emerg] 1#1: host not found in upstream "php-fpm" in /etc/nginx/conf.d/nginx.conf:13
2020/12/03 18:25:46 [emerg] 1#1: host not found in upstream "php-fpm" in /etc/nginx/conf.d/nginx.conf:13
2020/12/03 18:26:01 [emerg] 1#1: host not found in upstream "php-fpm" in /etc/nginx/conf.d/nginx.conf:13
2020/12/03 18:26:03 [emerg] 1#1: host not found in upstream "php-fpm" in /etc/nginx/conf.d/nginx.conf:13
2020/12/03 18:26:19 [emerg] 1#1: host not found in upstream "php-fpm" in /etc/nginx/conf.d/nginx.conf:13
2020/12/03 18:26:20 [emerg] 1#1: host not found in upstream "php-fpm" in /etc/nginx/conf.d/nginx.conf:13
2020/12/03 18:26:36 [emerg] 1#1: host not found in upstream "php-fpm" in /etc/nginx/conf.d/nginx.conf:13
2020/12/03 18:26:37 [emerg] 1#1: host not found in upstream "php-fpm" in /etc/nginx/conf.d/nginx.conf:13
2020/12/03 18:26:58 [emerg] 1#1: host not found in upstream "php-fpm" in /etc/nginx/conf.d/nginx.conf:13
2020/12/03 18:26:58 [emerg] 1#1: host not found in upstream "php-fpm" in /etc/nginx/conf.d/nginx.conf:13
2020/12/03 18:46:10 [emerg] 1#1: host not found in upstream "php-fpm" in /etc/nginx/conf.d/nginx.conf:13
2020/12/03 18:46:10 [emerg] 1#1: host not found in upstream "php-fpm" in /etc/nginx/conf.d/nginx.conf:13
2020/12/03 18:46:26 [emerg] 1#1: host not found in upstream "php-fpm" in /etc/nginx/conf.d/nginx.conf:13
2020/12/03 18:46:29 [emerg] 1#1: host not found in upstream "php-fpm" in /etc/nginx/conf.d/nginx.conf:13
2020/12/03 18:49:06 [error] 20#20: *1 open() "/var/www/simple-chat/favicon.ico" failed (2: No such file or directory), client: 10.0.0.2, server: _, request: "GET /favicon.ico HTTP/1.1", host: "127.0.0.1:11080", referrer: "http://127.0.0.1:11080/"
2020/12/05 17:06:12 [emerg] 1#1: host not found in upstream "php-fpm" in /etc/nginx/conf.d/nginx.conf:13
2020/12/05 17:06:12 [emerg] 1#1: host not found in upstream "php-fpm" in /etc/nginx/conf.d/nginx.conf:13
2020/12/05 18:34:32 [error] 19#19: *1 open() "/var/www/simple-chat/favicon.ico" failed (2: No such file or directory), client: 10.0.0.12, server: _, request: "GET /favicon.ico HTTP/1.1", host: "192.168.50.207:11080", referrer: "http://192.168.50.207:11080/?name=Sergey"
2020/12/05 18:34:49 [error] 19#19: *2 open() "/var/www/simple-chat/favicon.ico" failed (2: No such file or directory), client: 10.0.0.16, server: _, request: "GET /favicon.ico HTTP/1.1", host: "192.168.50.11:11080", referrer: "http://192.168.50.11:11080/?name=Sergey"
2020/12/05 21:07:04 [emerg] 1#1: host not found in upstream "php-fpm" in /etc/nginx/conf.d/nginx.conf:13
2020/12/05 21:14:16 [emerg] 1#1: host not found in upstream "php-fpm" in /etc/nginx/conf.d/nginx.conf:13
2020/12/05 21:14:21 [emerg] 1#1: host not found in upstream "php-fpm" in /etc/nginx/conf.d/nginx.conf:13
2020/12/05 21:14:48 [emerg] 1#1: host not found in upstream "php-fpm" in /etc/nginx/conf.d/nginx.conf:13
2020/12/05 21:14:48 [emerg] 1#1: host not found in upstream "php-fpm" in /etc/nginx/conf.d/nginx.conf:13
2020/12/05 21:14:48 [emerg] 1#1: host not found in upstream "php-fpm" in /etc/nginx/conf.d/nginx.conf:13
2020/12/05 21:14:50 [emerg] 1#1: host not found in upstream "php-fpm" in /etc/nginx/conf.d/nginx.conf:13
2020/12/05 21:14:53 [emerg] 1#1: host not found in upstream "php-fpm" in /etc/nginx/conf.d/nginx.conf:13
2020/12/05 21:19:41 [emerg] 1#1: host not found in upstream "php-fpm" in /etc/nginx/conf.d/nginx.conf:13
2020/12/05 21:19:41 [emerg] 1#1: host not found in upstream "php-fpm" in /etc/nginx/conf.d/nginx.conf:13
2020/12/05 21:21:04 [emerg] 1#1: host not found in upstream "php-fpm" in /etc/nginx/conf.d/nginx.conf:13
2020/12/05 21:21:12 [emerg] 1#1: host not found in upstream "php-fpm" in /etc/nginx/conf.d/nginx.conf:13
2020/12/05 21:21:15 [emerg] 1#1: host not found in upstream "php-fpm" in /etc/nginx/conf.d/nginx.conf:13
2020/12/05 21:21:19 [emerg] 1#1: host not found in upstream "php-fpm" in /etc/nginx/conf.d/nginx.conf:13
2020/12/05 21:21:22 [emerg] 1#1: host not found in upstream "php-fpm" in /etc/nginx/conf.d/nginx.conf:13
2020/12/05 21:21:27 [emerg] 1#1: host not found in upstream "php-fpm" in /etc/nginx/conf.d/nginx.conf:13
2020/12/06 16:45:50 [emerg] 1#1: host not found in upstream "php-fpm" in /etc/nginx/conf.d/nginx.conf:13
2020/12/06 18:22:53 [emerg] 1#1: host not found in upstream "php-fpm" in /etc/nginx/conf.d/nginx.conf:13
2020/12/07 13:24:05 [emerg] 1#1: host not found in upstream "php-fpm" in /etc/nginx/conf.d/nginx.conf:13
2020/12/07 13:24:12 [emerg] 1#1: host not found in upstream "php-fpm" in /etc/nginx/conf.d/nginx.conf:13
2020/12/07 13:24:12 [emerg] 1#1: host not found in upstream "php-fpm" in /etc/nginx/conf.d/nginx.conf:13
2020/12/07 15:56:57 [emerg] 1#1: host not found in upstream "php-fpm" in /etc/nginx/conf.d/nginx.conf:13
2020/12/07 15:56:57 [emerg] 1#1: host not found in upstream "php-fpm" in /etc/nginx/conf.d/nginx.conf:13
2020/12/07 15:56:57 [emerg] 1#1: host not found in upstream "php-fpm" in /etc/nginx/conf.d/nginx.conf:13
2020/12/15 18:31:44 [error] 19#19: *1 open() "/var/www/simple-chat/favicon.ico" failed (2: No such file or directory), client: 10.0.0.2, server: _, request: "GET /favicon.ico HTTP/1.1", host: "192.168.50.217:11080", referrer: "http://192.168.50.217:11080/"
2020/12/17 17:42:48 [error] 19#19: *2 open() "/var/www/simple-chat/favicon.ico" failed (2: No such file or directory), client: 10.0.0.2, server: _, request: "GET /favicon.ico HTTP/1.1", host: "192.168.50.217:11080", referrer: "http://192.168.50.217:11080/"
2020/12/17 17:42:49 [error] 19#19: *3 open() "/var/www/simple-chat/favicon.ico" failed (2: No such file or directory), client: 10.0.0.2, server: _, request: "GET /favicon.ico HTTP/1.1", host: "192.168.50.217:11080", referrer: "http://192.168.50.217:11080/"
2020/12/17 17:42:50 [error] 19#19: *3 open() "/var/www/simple-chat/favicon.ico" failed (2: No such file or directory), client: 10.0.0.2, server: _, request: "GET /favicon.ico HTTP/1.1", host: "192.168.50.217:11080", referrer: "http://192.168.50.217:11080/"
2020/12/17 17:42:52 [error] 19#19: *3 open() "/var/www/simple-chat/favicon.ico" failed (2: No such file or directory), client: 10.0.0.2, server: _, request: "GET /favicon.ico HTTP/1.1", host: "192.168.50.217:11080", referrer: "http://192.168.50.217:11080/"
2020/12/17 17:42:57 [error] 19#19: *3 open() "/var/www/simple-chat/favicon.ico" failed (2: No such file or directory), client: 10.0.0.2, server: _, request: "GET /favicon.ico HTTP/1.1", host: "192.168.50.217:11080", referrer: "http://192.168.50.217:11080/"
2020/12/17 17:42:57 [error] 19#19: *3 open() "/var/www/simple-chat/favicon.ico" failed (2: No such file or directory), client: 10.0.0.2, server: _, request: "GET /favicon.ico HTTP/1.1", host: "192.168.50.217:11080", referrer: "http://192.168.50.217:11080/"
2020/12/17 17:42:58 [error] 19#19: *3 open() "/var/www/simple-chat/favicon.ico" failed (2: No such file or directory), client: 10.0.0.2, server: _, request: "GET /favicon.ico HTTP/1.1", host: "192.168.50.217:11080", referrer: "http://192.168.50.217:11080/"
2020/12/23 19:20:54 [emerg] 1#1: host not found in upstream "php-fpm" in /etc/nginx/conf.d/nginx.conf:13
2020/12/23 19:44:39 [emerg] 1#1: host not found in upstream "php-fpm" in /etc/nginx/conf.d/nginx.conf:13
2020/12/23 19:44:42 [emerg] 1#1: host not found in upstream "php-fpm" in /etc/nginx/conf.d/nginx.conf:13
2020/12/23 19:44:45 [emerg] 1#1: host not found in upstream "php-fpm" in /etc/nginx/conf.d/nginx.conf:13
2021/01/31 17:58:24 [emerg] 1#1: host not found in upstream "php-fpm" in /etc/nginx/conf.d/nginx.conf:13
2021/01/31 17:58:38 [emerg] 1#1: host not found in upstream "php-fpm" in /etc/nginx/conf.d/nginx.conf:13
2021/01/31 17:58:50 [emerg] 1#1: host not found in upstream "php-fpm" in /etc/nginx/conf.d/nginx.conf:13
2021/01/31 17:59:01 [emerg] 1#1: host not found in upstream "php-fpm" in /etc/nginx/conf.d/nginx.conf:13
2021/01/31 17:59:09 [emerg] 1#1: host not found in upstream "php-fpm" in /etc/nginx/conf.d/nginx.conf:13
2021/01/31 18:00:34 [emerg] 1#1: host not found in upstream "php-fpm" in /etc/nginx/conf.d/nginx.conf:13
2021/01/31 18:00:36 [emerg] 1#1: host not found in upstream "php-fpm" in /etc/nginx/conf.d/nginx.conf:13
2021/01/31 18:00:37 [emerg] 1#1: host not found in upstream "php-fpm" in /etc/nginx/conf.d/nginx.conf:13
2021/01/31 18:00:50 [emerg] 1#1: host not found in upstream "php-fpm" in /etc/nginx/conf.d/nginx.conf:13
2021/01/31 18:00:57 [emerg] 1#1: host not found in upstream "php-fpm" in /etc/nginx/conf.d/nginx.conf:13
2021/01/31 18:01:00 [emerg] 1#1: host not found in upstream "php-fpm" in /etc/nginx/conf.d/nginx.conf:13
2021/01/31 18:01:19 [emerg] 1#1: host not found in upstream "php-fpm" in /etc/nginx/conf.d/nginx.conf:13
2021/01/31 18:01:31 [emerg] 1#1: host not found in upstream "php-fpm" in /etc/nginx/conf.d/nginx.conf:13
2021/01/31 18:01:32 [emerg] 1#1: host not found in upstream "php-fpm" in /etc/nginx/conf.d/nginx.conf:13
2021/01/31 18:01:57 [emerg] 1#1: host not found in upstream "php-fpm" in /etc/nginx/conf.d/nginx.conf:13
2021/01/31 18:01:59 [emerg] 1#1: host not found in upstream "php-fpm" in /etc/nginx/conf.d/nginx.conf:13
2021/01/31 18:02:02 [emerg] 1#1: host not found in upstream "php-fpm" in /etc/nginx/conf.d/nginx.conf:13
2021/01/31 18:02:25 [emerg] 1#1: host not found in upstream "php-fpm" in /etc/nginx/conf.d/nginx.conf:13
2021/01/31 18:02:26 [emerg] 1#1: host not found in upstream "php-fpm" in /etc/nginx/conf.d/nginx.conf:13
2021/01/31 18:02:29 [emerg] 1#1: host not found in upstream "php-fpm" in /etc/nginx/conf.d/nginx.conf:13
2021/01/31 18:03:00 [emerg] 1#1: host not found in upstream "php-fpm" in /etc/nginx/conf.d/nginx.conf:13
2021/01/31 18:03:00 [emerg] 1#1: host not found in upstream "php-fpm" in /etc/nginx/conf.d/nginx.conf:13
2021/01/31 18:03:00 [emerg] 1#1: host not found in upstream "php-fpm" in /etc/nginx/conf.d/nginx.conf:13
2021/01/31 18:03:30 [emerg] 1#1: host not found in upstream "php-fpm" in /etc/nginx/conf.d/nginx.conf:13
2021/01/31 18:03:31 [emerg] 1#1: host not found in upstream "php-fpm" in /etc/nginx/conf.d/nginx.conf:13
2021/01/31 18:03:32 [emerg] 1#1: host not found in upstream "php-fpm" in /etc/nginx/conf.d/nginx.conf:13
2021/01/31 18:03:40 [emerg] 1#1: host not found in upstream "php-fpm" in /etc/nginx/conf.d/nginx.conf:13
2021/01/31 18:08:00 [emerg] 1#1: host not found in upstream "php-fpm" in /etc/nginx/conf.d/nginx.conf:13
2021/01/31 18:08:37 [error] 22#22: *1 open() "/var/www/simple-chat/favicon.ico" failed (2: No such file or directory), client: 10.0.0.2, server: _, request: "GET /favicon.ico HTTP/1.1", host: "localhost:11080", referrer: "http://localhost:11080/"
2021/01/31 18:11:48 [error] 20#20: *1 open() "/var/www/simple-chat/favicon.ico" failed (2: No such file or directory), client: 10.0.0.2, server: _, request: "GET /favicon.ico HTTP/1.1", host: "localhost:11080", referrer: "http://localhost:11080/"
2021/01/31 18:11:56 [error] 22#22: *9 open() "/var/www/simple-chat/favicon.ico" failed (2: No such file or directory), client: 10.0.0.2, server: _, request: "GET /favicon.ico HTTP/1.1", host: "localhost:11080", referrer: "http://localhost:11080/"
2021/01/31 18:11:58 [error] 22#22: *9 open() "/var/www/simple-chat/favicon.ico" failed (2: No such file or directory), client: 10.0.0.2, server: _, request: "GET /favicon.ico HTTP/1.1", host: "localhost:11080", referrer: "http://localhost:11080/"
2021/01/31 18:16:42 [error] 20#20: *3 open() "/var/www/simple-chat/favicon.ico" failed (2: No such file or directory), client: 10.0.0.2, server: _, request: "GET /favicon.ico HTTP/1.1", host: "localhost:11080", referrer: "http://localhost:11080/"
2021/02/01 18:34:51 [emerg] 1#1: host not found in upstream "php-fpm" in /etc/nginx/conf.d/nginx.conf:13
2021/02/01 18:35:39 [error] 21#21: *1 open() "/var/www/simple-chat/favicon.ico" failed (2: No such file or directory), client: 10.0.0.2, server: _, request: "GET /favicon.ico HTTP/1.1", host: "localhost:11080", referrer: "http://localhost:11080/"
2021/02/01 18:38:42 [error] 20#20: *1 open() "/var/www/simple-chat/favicon.ico" failed (2: No such file or directory), client: 10.0.0.2, server: _, request: "GET /favicon.ico HTTP/1.1", host: "localhost:11080", referrer: "http://localhost:11080/"
2021/02/01 18:38:56 [error] 21#21: *3 open() "/var/www/simple-chat/favicon.ico" failed (2: No such file or directory), client: 10.0.0.2, server: _, request: "GET /favicon.ico HTTP/1.1", host: "localhost:11080", referrer: "http://localhost:11080/"
2021/02/01 18:41:48 [emerg] 1#1: host not found in upstream "php-fpm" in /etc/nginx/conf.d/nginx.conf:13
2021/02/01 18:41:57 [emerg] 1#1: host not found in upstream "php-fpm" in /etc/nginx/conf.d/nginx.conf:13
2021/02/01 18:42:11 [emerg] 1#1: host not found in upstream "php-fpm" in /etc/nginx/conf.d/nginx.conf:13
2021/02/01 18:42:16 [emerg] 1#1: host not found in upstream "php-fpm" in /etc/nginx/conf.d/nginx.conf:13
2021/02/01 18:42:18 [emerg] 1#1: host not found in upstream "php-fpm" in /etc/nginx/conf.d/nginx.conf:13
2021/02/01 18:42:22 [emerg] 1#1: host not found in upstream "php-fpm" in /etc/nginx/conf.d/nginx.conf:13
2021/02/01 18:42:26 [emerg] 1#1: host not found in upstream "php-fpm" in /etc/nginx/conf.d/nginx.conf:13
2021/02/01 18:42:47 [emerg] 1#1: host not found in upstream "php-fpm" in /etc/nginx/conf.d/nginx.conf:13
2021/02/01 18:42:47 [emerg] 1#1: host not found in upstream "php-fpm" in /etc/nginx/conf.d/nginx.conf:13
2021/02/01 18:42:47 [emerg] 1#1: host not found in upstream "php-fpm" in /etc/nginx/conf.d/nginx.conf:13
2021/02/01 18:43:13 [emerg] 1#1: host not found in upstream "php-fpm" in /etc/nginx/conf.d/nginx.conf:13
2021/02/01 18:43:10 [emerg] 1#1: host not found in upstream "php-fpm" in /etc/nginx/conf.d/nginx.conf:13
2021/02/01 18:43:15 [emerg] 1#1: host not found in upstream "php-fpm" in /etc/nginx/conf.d/nginx.conf:13
2021/02/01 18:43:22 [emerg] 1#1: host not found in upstream "php-fpm" in /etc/nginx/conf.d/nginx.conf:13
2021/02/01 18:43:36 [emerg] 1#1: host not found in upstream "php-fpm" in /etc/nginx/conf.d/nginx.conf:13
2021/02/01 18:43:38 [emerg] 1#1: host not found in upstream "php-fpm" in /etc/nginx/conf.d/nginx.conf:13
2021/02/01 18:43:41 [emerg] 1#1: host not found in upstream "php-fpm" in /etc/nginx/conf.d/nginx.conf:13
2021/02/01 18:43:55 [emerg] 1#1: host not found in upstream "php-fpm" in /etc/nginx/conf.d/nginx.conf:13
2021/02/01 18:43:58 [emerg] 1#1: host not found in upstream "php-fpm" in /etc/nginx/conf.d/nginx.conf:13
2021/02/01 18:43:59 [emerg] 1#1: host not found in upstream "php-fpm" in /etc/nginx/conf.d/nginx.conf:13
2021/02/01 18:44:20 [emerg] 1#1: host not found in upstream "php-fpm" in /etc/nginx/conf.d/nginx.conf:13
2021/02/01 18:44:23 [emerg] 1#1: host not found in upstream "php-fpm" in /etc/nginx/conf.d/nginx.conf:13
2021/02/01 18:44:25 [emerg] 1#1: host not found in upstream "php-fpm" in /etc/nginx/conf.d/nginx.conf:13
2021/02/01 18:44:42 [emerg] 1#1: host not found in upstream "php-fpm" in /etc/nginx/conf.d/nginx.conf:13
2021/02/01 18:44:44 [emerg] 1#1: host not found in upstream "php-fpm" in /etc/nginx/conf.d/nginx.conf:13
2021/02/01 18:44:46 [emerg] 1#1: host not found in upstream "php-fpm" in /etc/nginx/conf.d/nginx.conf:13
2021/02/01 18:45:01 [emerg] 1#1: host not found in upstream "php-fpm" in /etc/nginx/conf.d/nginx.conf:13
2021/02/01 18:45:05 [emerg] 1#1: host not found in upstream "php-fpm" in /etc/nginx/conf.d/nginx.conf:13
2021/02/01 18:45:21 [emerg] 1#1: host not found in upstream "php-fpm" in /etc/nginx/conf.d/nginx.conf:13
2021/02/01 18:45:22 [emerg] 1#1: host not found in upstream "php-fpm" in /etc/nginx/conf.d/nginx.conf:13
2021/02/01 18:45:28 [emerg] 1#1: host not found in upstream "php-fpm" in /etc/nginx/conf.d/nginx.conf:13
2021/02/01 18:45:42 [emerg] 1#1: host not found in upstream "php-fpm" in /etc/nginx/conf.d/nginx.conf:13
2021/02/01 18:45:46 [emerg] 1#1: host not found in upstream "php-fpm" in /etc/nginx/conf.d/nginx.conf:13
2021/02/01 18:45:48 [emerg] 1#1: host not found in upstream "php-fpm" in /etc/nginx/conf.d/nginx.conf:13
2021/02/01 18:46:02 [emerg] 1#1: host not found in upstream "php-fpm" in /etc/nginx/conf.d/nginx.conf:13
2021/02/01 18:46:07 [emerg] 1#1: host not found in upstream "php-fpm" in /etc/nginx/conf.d/nginx.conf:13
2021/02/01 18:46:08 [emerg] 1#1: host not found in upstream "php-fpm" in /etc/nginx/conf.d/nginx.conf:13
2021/02/01 18:46:30 [emerg] 1#1: host not found in upstream "php-fpm" in /etc/nginx/conf.d/nginx.conf:13
2021/02/01 18:46:30 [emerg] 1#1: host not found in upstream "php-fpm" in /etc/nginx/conf.d/nginx.conf:13
2021/02/01 18:46:31 [emerg] 1#1: host not found in upstream "php-fpm" in /etc/nginx/conf.d/nginx.conf:13
2021/02/01 18:52:40 [emerg] 1#1: host not found in upstream "php-fpm" in /etc/nginx/conf.d/nginx.conf:13
2021/02/01 18:52:41 [emerg] 1#1: host not found in upstream "php-fpm" in /etc/nginx/conf.d/nginx.conf:13
2021/02/01 18:52:55 [emerg] 1#1: host not found in upstream "php-fpm" in /etc/nginx/conf.d/nginx.conf:13
2021/02/01 18:53:01 [emerg] 1#1: host not found in upstream "php-fpm" in /etc/nginx/conf.d/nginx.conf:13
2021/02/01 18:52:53 [emerg] 1#1: host not found in upstream "php-fpm" in /etc/nginx/conf.d/nginx.conf:13
2021/02/01 18:53:05 [emerg] 1#1: host not found in upstream "php-fpm" in /etc/nginx/conf.d/nginx.conf:13
2021/02/01 18:53:10 [emerg] 1#1: host not found in upstream "php-fpm" in /etc/nginx/conf.d/nginx.conf:13
2021/02/01 18:53:28 [emerg] 1#1: host not found in upstream "php-fpm" in /etc/nginx/conf.d/nginx.conf:13
2021/02/01 18:53:29 [emerg] 1#1: host not found in upstream "php-fpm" in /etc/nginx/conf.d/nginx.conf:13
2021/02/01 18:53:30 [emerg] 1#1: host not found in upstream "php-fpm" in /etc/nginx/conf.d/nginx.conf:13
2021/02/01 18:53:57 [emerg] 1#1: host not found in upstream "php-fpm" in /etc/nginx/conf.d/nginx.conf:13
2021/02/01 18:53:59 [emerg] 1#1: host not found in upstream "php-fpm" in /etc/nginx/conf.d/nginx.conf:13
2021/02/01 18:54:02 [emerg] 1#1: host not found in upstream "php-fpm" in /etc/nginx/conf.d/nginx.conf:13
2021/02/01 18:54:10 [emerg] 1#1: host not found in upstream "php-fpm" in /etc/nginx/conf.d/nginx.conf:13
2021/02/01 18:54:29 [emerg] 1#1: host not found in upstream "php-fpm" in /etc/nginx/conf.d/nginx.conf:13
2021/02/01 18:54:24 [emerg] 1#1: host not found in upstream "php-fpm" in /etc/nginx/conf.d/nginx.conf:13
2021/02/01 18:54:31 [emerg] 1#1: host not found in upstream "php-fpm" in /etc/nginx/conf.d/nginx.conf:13
2021/02/01 18:54:52 [emerg] 1#1: host not found in upstream "php-fpm" in /etc/nginx/conf.d/nginx.conf:13
2021/02/01 18:54:56 [emerg] 1#1: host not found in upstream "php-fpm" in /etc/nginx/conf.d/nginx.conf:13
2021/02/01 18:54:53 [emerg] 1#1: host not found in upstream "php-fpm" in /etc/nginx/conf.d/nginx.conf:13
2021/02/01 18:55:18 [emerg] 1#1: host not found in upstream "php-fpm" in /etc/nginx/conf.d/nginx.conf:13
2021/02/01 18:55:19 [emerg] 1#1: host not found in upstream "php-fpm" in /etc/nginx/conf.d/nginx.conf:13
2021/02/01 18:55:45 [emerg] 1#1: host not found in upstream "php-fpm" in /etc/nginx/conf.d/nginx.conf:13
2021/02/01 18:56:04 [emerg] 1#1: host not found in upstream "php-fpm" in /etc/nginx/conf.d/nginx.conf:13
2021/02/01 18:56:14 [emerg] 1#1: host not found in upstream "php-fpm" in /etc/nginx/conf.d/nginx.conf:13
2021/02/01 18:56:17 [emerg] 1#1: host not found in upstream "php-fpm" in /etc/nginx/conf.d/nginx.conf:13
2021/02/01 18:56:27 [emerg] 1#1: host not found in upstream "php-fpm" in /etc/nginx/conf.d/nginx.conf:13
2021/02/01 18:56:50 [emerg] 1#1: host not found in upstream "php-fpm" in /etc/nginx/conf.d/nginx.conf:13
2021/02/01 18:56:57 [emerg] 1#1: host not found in upstream "php-fpm" in /etc/nginx/conf.d/nginx.conf:13
2021/02/01 18:56:57 [emerg] 1#1: host not found in upstream "php-fpm" in /etc/nginx/conf.d/nginx.conf:13
2021/02/01 18:57:16 [emerg] 1#1: host not found in upstream "php-fpm" in /etc/nginx/conf.d/nginx.conf:13
2021/02/01 18:57:21 [emerg] 1#1: host not found in upstream "php-fpm" in /etc/nginx/conf.d/nginx.conf:13
2021/02/01 18:57:22 [emerg] 1#1: host not found in upstream "php-fpm" in /etc/nginx/conf.d/nginx.conf:13
2021/02/01 18:57:37 [emerg] 1#1: host not found in upstream "php-fpm" in /etc/nginx/conf.d/nginx.conf:13
2021/02/01 18:57:42 [emerg] 1#1: host not found in upstream "php-fpm" in /etc/nginx/conf.d/nginx.conf:13
2021/02/01 18:57:42 [emerg] 1#1: host not found in upstream "php-fpm" in /etc/nginx/conf.d/nginx.conf:13
2021/02/01 18:58:04 [emerg] 1#1: host not found in upstream "php-fpm" in /etc/nginx/conf.d/nginx.conf:13
2021/02/01 18:58:05 [emerg] 1#1: host not found in upstream "php-fpm" in /etc/nginx/conf.d/nginx.conf:13
2021/02/01 18:58:07 [emerg] 1#1: host not found in upstream "php-fpm" in /etc/nginx/conf.d/nginx.conf:13
2021/02/01 18:58:14 [emerg] 1#1: host not found in upstream "php-fpm" in /etc/nginx/conf.d/nginx.conf:13
2021/02/01 18:58:18 [emerg] 1#1: host not found in upstream "php-fpm" in /etc/nginx/conf.d/nginx.conf:13
2021/02/01 18:58:19 [emerg] 1#1: host not found in upstream "php-fpm" in /etc/nginx/conf.d/nginx.conf:13
2021/02/01 18:58:41 [emerg] 1#1: host not found in upstream "php-fpm" in /etc/nginx/conf.d/nginx.conf:13
2021/02/01 18:58:41 [emerg] 1#1: host not found in upstream "php-fpm" in /etc/nginx/conf.d/nginx.conf:13
2021/02/01 18:58:46 [emerg] 1#1: host not found in upstream "php-fpm" in /etc/nginx/conf.d/nginx.conf:13
2021/02/01 18:59:05 [emerg] 1#1: host not found in upstream "php-fpm" in /etc/nginx/conf.d/nginx.conf:13
2021/02/01 18:59:05 [emerg] 1#1: host not found in upstream "php-fpm" in /etc/nginx/conf.d/nginx.conf:13
2021/02/01 18:59:09 [emerg] 1#1: host not found in upstream "php-fpm" in /etc/nginx/conf.d/nginx.conf:13
2021/02/01 18:59:15 [emerg] 1#1: host not found in upstream "php-fpm" in /etc/nginx/conf.d/nginx.conf:13
2021/02/01 18:59:17 [emerg] 1#1: host not found in upstream "php-fpm" in /etc/nginx/conf.d/nginx.conf:13
2021/02/01 18:59:35 [emerg] 1#1: host not found in upstream "php-fpm" in /etc/nginx/conf.d/nginx.conf:13
2021/02/01 18:59:37 [emerg] 1#1: host not found in upstream "php-fpm" in /etc/nginx/conf.d/nginx.conf:13
2021/02/01 18:59:40 [emerg] 1#1: host not found in upstream "php-fpm" in /etc/nginx/conf.d/nginx.conf:13
2021/02/01 18:59:58 [emerg] 1#1: host not found in upstream "php-fpm" in /etc/nginx/conf.d/nginx.conf:13
2021/02/01 19:00:02 [emerg] 1#1: host not found in upstream "php-fpm" in /etc/nginx/conf.d/nginx.conf:13
2021/02/01 19:00:02 [emerg] 1#1: host not found in upstream "php-fpm" in /etc/nginx/conf.d/nginx.conf:13
2021/02/01 19:00:18 [emerg] 1#1: host not found in upstream "php-fpm" in /etc/nginx/conf.d/nginx.conf:13
2021/02/01 19:00:22 [emerg] 1#1: host not found in upstream "php-fpm" in /etc/nginx/conf.d/nginx.conf:13
2021/02/01 19:00:23 [emerg] 1#1: host not found in upstream "php-fpm" in /etc/nginx/conf.d/nginx.conf:13
2021/02/01 19:00:37 [emerg] 1#1: host not found in upstream "php-fpm" in /etc/nginx/conf.d/nginx.conf:13
2021/02/01 19:00:41 [emerg] 1#1: host not found in upstream "php-fpm" in /etc/nginx/conf.d/nginx.conf:13
2021/02/01 19:00:41 [emerg] 1#1: host not found in upstream "php-fpm" in /etc/nginx/conf.d/nginx.conf:13
2021/02/01 19:00:50 [emerg] 1#1: host not found in upstream "php-fpm" in /etc/nginx/conf.d/nginx.conf:13
2021/02/01 19:01:00 [emerg] 1#1: host not found in upstream "php-fpm" in /etc/nginx/conf.d/nginx.conf:13
2021/02/01 19:01:08 [emerg] 1#1: host not found in upstream "php-fpm" in /etc/nginx/conf.d/nginx.conf:13
2021/02/01 19:01:13 [emerg] 1#1: host not found in upstream "php-fpm" in /etc/nginx/conf.d/nginx.conf:13
2021/02/01 19:01:15 [emerg] 1#1: host not found in upstream "php-fpm" in /etc/nginx/conf.d/nginx.conf:13
2021/02/01 19:01:21 [emerg] 1#1: host not found in upstream "php-fpm" in /etc/nginx/conf.d/nginx.conf:13
2021/02/01 19:01:28 [emerg] 1#1: host not found in upstream "php-fpm" in /etc/nginx/conf.d/nginx.conf:13
2021/02/01 19:01:31 [emerg] 1#1: host not found in upstream "php-fpm" in /etc/nginx/conf.d/nginx.conf:13
2021/02/01 19:01:54 [emerg] 1#1: host not found in upstream "php-fpm" in /etc/nginx/conf.d/nginx.conf:13
2021/02/01 19:01:57 [emerg] 1#1: host not found in upstream "php-fpm" in /etc/nginx/conf.d/nginx.conf:13
2021/02/01 19:01:59 [emerg] 1#1: host not found in upstream "php-fpm" in /etc/nginx/conf.d/nginx.conf:13
2021/02/01 19:02:06 [emerg] 1#1: host not found in upstream "php-fpm" in /etc/nginx/conf.d/nginx.conf:13
2021/02/01 19:02:19 [emerg] 1#1: host not found in upstream "php-fpm" in /etc/nginx/conf.d/nginx.conf:13
2021/02/01 19:02:23 [emerg] 1#1: host not found in upstream "php-fpm" in /etc/nginx/conf.d/nginx.conf:13
2021/02/01 19:02:27 [emerg] 1#1: host not found in upstream "php-fpm" in /etc/nginx/conf.d/nginx.conf:13
2021/02/01 19:02:31 [emerg] 1#1: host not found in upstream "php-fpm" in /etc/nginx/conf.d/nginx.conf:13
2021/02/01 19:02:46 [emerg] 1#1: host not found in upstream "php-fpm" in /etc/nginx/conf.d/nginx.conf:13
2021/02/01 19:02:49 [emerg] 1#1: host not found in upstream "php-fpm" in /etc/nginx/conf.d/nginx.conf:13
2021/02/01 19:02:51 [emerg] 1#1: host not found in upstream "php-fpm" in /etc/nginx/conf.d/nginx.conf:13
2021/02/01 19:02:54 [emerg] 1#1: host not found in upstream "php-fpm" in /etc/nginx/conf.d/nginx.conf:13
2021/02/01 19:03:11 [emerg] 1#1: host not found in upstream "php-fpm" in /etc/nginx/conf.d/nginx.conf:13
2021/02/01 19:03:12 [emerg] 1#1: host not found in upstream "php-fpm" in /etc/nginx/conf.d/nginx.conf:13
2021/02/01 19:03:14 [emerg] 1#1: host not found in upstream "php-fpm" in /etc/nginx/conf.d/nginx.conf:13
2021/02/01 19:03:21 [emerg] 1#1: host not found in upstream "php-fpm" in /etc/nginx/conf.d/nginx.conf:13
2021/02/01 19:03:21 [emerg] 1#1: host not found in upstream "php-fpm" in /etc/nginx/conf.d/nginx.conf:13
2021/02/01 19:03:22 [emerg] 1#1: host not found in upstream "php-fpm" in /etc/nginx/conf.d/nginx.conf:13
2021/02/01 19:03:42 [emerg] 1#1: host not found in upstream "php-fpm" in /etc/nginx/conf.d/nginx.conf:13
2021/02/01 19:03:45 [emerg] 1#1: host not found in upstream "php-fpm" in /etc/nginx/conf.d/nginx.conf:13
2021/02/01 19:03:47 [emerg] 1#1: host not found in upstream "php-fpm" in /etc/nginx/conf.d/nginx.conf:13
2021/02/01 19:03:55 [emerg] 1#1: host not found in upstream "php-fpm" in /etc/nginx/conf.d/nginx.conf:13
2021/02/01 19:03:55 [emerg] 1#1: host not found in upstream "php-fpm" in /etc/nginx/conf.d/nginx.conf:13
2021/02/01 19:04:17 [emerg] 1#1: host not found in upstream "php-fpm" in /etc/nginx/conf.d/nginx.conf:13
2021/02/01 19:04:18 [emerg] 1#1: host not found in upstream "php-fpm" in /etc/nginx/conf.d/nginx.conf:13
2021/02/01 19:04:18 [emerg] 1#1: host not found in upstream "php-fpm" in /etc/nginx/conf.d/nginx.conf:13
2021/02/01 19:04:27 [emerg] 1#1: host not found in upstream "php-fpm" in /etc/nginx/conf.d/nginx.conf:13
2021/02/01 19:04:28 [emerg] 1#1: host not found in upstream "php-fpm" in /etc/nginx/conf.d/nginx.conf:13
2021/02/01 19:04:45 [emerg] 1#1: host not found in upstream "php-fpm" in /etc/nginx/conf.d/nginx.conf:13
2021/02/01 19:04:47 [emerg] 1#1: host not found in upstream "php-fpm" in /etc/nginx/conf.d/nginx.conf:13
2021/02/01 19:04:49 [emerg] 1#1: host not found in upstream "php-fpm" in /etc/nginx/conf.d/nginx.conf:13
2021/02/01 19:05:07 [emerg] 1#1: host not found in upstream "php-fpm" in /etc/nginx/conf.d/nginx.conf:13
2021/02/01 19:05:10 [emerg] 1#1: host not found in upstream "php-fpm" in /etc/nginx/conf.d/nginx.conf:13
2021/02/01 19:05:11 [emerg] 1#1: host not found in upstream "php-fpm" in /etc/nginx/conf.d/nginx.conf:13
2021/02/01 19:05:15 [emerg] 1#1: host not found in upstream "php-fpm" in /etc/nginx/conf.d/nginx.conf:13
2021/02/01 19:05:30 [emerg] 1#1: host not found in upstream "php-fpm" in /etc/nginx/conf.d/nginx.conf:13
2021/02/01 19:05:33 [emerg] 1#1: host not found in upstream "php-fpm" in /etc/nginx/conf.d/nginx.conf:13
2021/02/01 19:05:35 [emerg] 1#1: host not found in upstream "php-fpm" in /etc/nginx/conf.d/nginx.conf:13
2021/02/01 19:05:48 [emerg] 1#1: host not found in upstream "php-fpm" in /etc/nginx/conf.d/nginx.conf:13
2021/02/01 19:05:51 [emerg] 1#1: host not found in upstream "php-fpm" in /etc/nginx/conf.d/nginx.conf:13
2021/02/01 19:05:53 [emerg] 1#1: host not found in upstream "php-fpm" in /etc/nginx/conf.d/nginx.conf:13
2021/02/01 19:06:10 [emerg] 1#1: host not found in upstream "php-fpm" in /etc/nginx/conf.d/nginx.conf:13
2021/02/01 19:06:16 [emerg] 1#1: host not found in upstream "php-fpm" in /etc/nginx/conf.d/nginx.conf:13
2021/02/01 19:06:16 [emerg] 1#1: host not found in upstream "php-fpm" in /etc/nginx/conf.d/nginx.conf:13
2021/02/01 19:06:23 [emerg] 1#1: host not found in upstream "php-fpm" in /etc/nginx/conf.d/nginx.conf:13
2021/02/01 19:06:31 [emerg] 1#1: host not found in upstream "php-fpm" in /etc/nginx/conf.d/nginx.conf:13
2021/02/01 19:06:32 [emerg] 1#1: host not found in upstream "php-fpm" in /etc/nginx/conf.d/nginx.conf:13
2021/02/01 19:06:36 [emerg] 1#1: host not found in upstream "php-fpm" in /etc/nginx/conf.d/nginx.conf:13
2021/02/01 19:07:00 [emerg] 1#1: host not found in upstream "php-fpm" in /etc/nginx/conf.d/nginx.conf:13
2021/02/01 19:07:05 [emerg] 1#1: host not found in upstream "php-fpm" in /etc/nginx/conf.d/nginx.conf:13
2021/02/01 19:07:05 [emerg] 1#1: host not found in upstream "php-fpm" in /etc/nginx/conf.d/nginx.conf:13
2021/02/01 19:07:09 [emerg] 1#1: host not found in upstream "php-fpm" in /etc/nginx/conf.d/nginx.conf:13
2021/02/01 19:07:28 [emerg] 1#1: host not found in upstream "php-fpm" in /etc/nginx/conf.d/nginx.conf:13
2021/02/01 19:07:30 [emerg] 1#1: host not found in upstream "php-fpm" in /etc/nginx/conf.d/nginx.conf:13
2021/02/01 19:07:32 [emerg] 1#1: host not found in upstream "php-fpm" in /etc/nginx/conf.d/nginx.conf:13
2021/02/01 19:07:36 [emerg] 1#1: host not found in upstream "php-fpm" in /etc/nginx/conf.d/nginx.conf:13
2021/02/01 19:07:53 [emerg] 1#1: host not found in upstream "php-fpm" in /etc/nginx/conf.d/nginx.conf:13
2021/02/01 19:07:54 [emerg] 1#1: host not found in upstream "php-fpm" in /etc/nginx/conf.d/nginx.conf:13
2021/02/01 19:07:56 [emerg] 1#1: host not found in upstream "php-fpm" in /etc/nginx/conf.d/nginx.conf:13
2021/02/01 19:08:08 [emerg] 1#1: host not found in upstream "php-fpm" in /etc/nginx/conf.d/nginx.conf:13
2021/02/01 19:08:14 [emerg] 1#1: host not found in upstream "php-fpm" in /etc/nginx/conf.d/nginx.conf:13
2021/02/01 19:08:21 [emerg] 1#1: host not found in upstream "php-fpm" in /etc/nginx/conf.d/nginx.conf:13
2021/02/01 19:08:24 [emerg] 1#1: host not found in upstream "php-fpm" in /etc/nginx/conf.d/nginx.conf:13
2021/02/01 19:08:24 [emerg] 1#1: host not found in upstream "php-fpm" in /etc/nginx/conf.d/nginx.conf:13
2021/02/01 19:08:34 [emerg] 1#1: host not found in upstream "php-fpm" in /etc/nginx/conf.d/nginx.conf:13
2021/02/01 19:08:35 [emerg] 1#1: host not found in upstream "php-fpm" in /etc/nginx/conf.d/nginx.conf:13
2021/02/01 19:08:53 [emerg] 1#1: host not found in upstream "php-fpm" in /etc/nginx/conf.d/nginx.conf:13
2021/02/01 19:08:54 [emerg] 1#1: host not found in upstream "php-fpm" in /etc/nginx/conf.d/nginx.conf:13
2021/02/01 19:08:58 [emerg] 1#1: host not found in upstream "php-fpm" in /etc/nginx/conf.d/nginx.conf:13
2021/02/01 19:09:02 [emerg] 1#1: host not found in upstream "php-fpm" in /etc/nginx/conf.d/nginx.conf:13
2021/02/01 19:09:06 [emerg] 1#1: host not found in upstream "php-fpm" in /etc/nginx/conf.d/nginx.conf:13
2021/02/01 19:09:25 [emerg] 1#1: host not found in upstream "php-fpm" in /etc/nginx/conf.d/nginx.conf:13
2021/02/01 19:09:27 [emerg] 1#1: host not found in upstream "php-fpm" in /etc/nginx/conf.d/nginx.conf:13
2021/02/01 19:09:30 [emerg] 1#1: host not found in upstream "php-fpm" in /etc/nginx/conf.d/nginx.conf:13
2021/02/01 19:09:33 [emerg] 1#1: host not found in upstream "php-fpm" in /etc/nginx/conf.d/nginx.conf:13
2021/02/01 19:09:35 [emerg] 1#1: host not found in upstream "php-fpm" in /etc/nginx/conf.d/nginx.conf:13
2021/02/01 19:09:54 [emerg] 1#1: host not found in upstream "php-fpm" in /etc/nginx/conf.d/nginx.conf:13
2021/02/01 19:09:55 [emerg] 1#1: host not found in upstream "php-fpm" in /etc/nginx/conf.d/nginx.conf:13
2021/02/01 19:09:58 [emerg] 1#1: host not found in upstream "php-fpm" in /etc/nginx/conf.d/nginx.conf:13
2021/02/01 19:10:15 [emerg] 1#1: host not found in upstream "php-fpm" in /etc/nginx/conf.d/nginx.conf:13
2021/02/01 19:10:19 [emerg] 1#1: host not found in upstream "php-fpm" in /etc/nginx/conf.d/nginx.conf:13
2021/02/01 19:10:19 [emerg] 1#1: host not found in upstream "php-fpm" in /etc/nginx/conf.d/nginx.conf:13
2021/02/01 19:10:26 [emerg] 1#1: host not found in upstream "php-fpm" in /etc/nginx/conf.d/nginx.conf:13
2021/02/01 19:10:39 [emerg] 1#1: host not found in upstream "php-fpm" in /etc/nginx/conf.d/nginx.conf:13
2021/02/01 19:10:40 [emerg] 1#1: host not found in upstream "php-fpm" in /etc/nginx/conf.d/nginx.conf:13
2021/02/01 19:10:44 [emerg] 1#1: host not found in upstream "php-fpm" in /etc/nginx/conf.d/nginx.conf:13
2021/02/01 19:10:56 [emerg] 1#1: host not found in upstream "php-fpm" in /etc/nginx/conf.d/nginx.conf:13
2021/02/01 19:10:59 [emerg] 1#1: host not found in upstream "php-fpm" in /etc/nginx/conf.d/nginx.conf:13
2021/02/01 19:11:02 [emerg] 1#1: host not found in upstream "php-fpm" in /etc/nginx/conf.d/nginx.conf:13
2021/02/01 19:11:20 [emerg] 1#1: host not found in upstream "php-fpm" in /etc/nginx/conf.d/nginx.conf:13
2021/02/01 19:11:22 [emerg] 1#1: host not found in upstream "php-fpm" in /etc/nginx/conf.d/nginx.conf:13
2021/02/01 19:11:25 [emerg] 1#1: host not found in upstream "php-fpm" in /etc/nginx/conf.d/nginx.conf:13
2021/02/01 19:11:33 [emerg] 1#1: host not found in upstream "php-fpm" in /etc/nginx/conf.d/nginx.conf:13
2021/02/01 19:11:35 [emerg] 1#1: host not found in upstream "php-fpm" in /etc/nginx/conf.d/nginx.conf:13
2021/02/01 19:11:38 [emerg] 1#1: host not found in upstream "php-fpm" in /etc/nginx/conf.d/nginx.conf:13
2021/02/01 19:12:03 [emerg] 1#1: host not found in upstream "php-fpm" in /etc/nginx/conf.d/nginx.conf:13
2021/02/01 19:12:07 [emerg] 1#1: host not found in upstream "php-fpm" in /etc/nginx/conf.d/nginx.conf:13
2021/02/01 19:12:08 [emerg] 1#1: host not found in upstream "php-fpm" in /etc/nginx/conf.d/nginx.conf:13
2021/02/01 19:12:13 [emerg] 1#1: host not found in upstream "php-fpm" in /etc/nginx/conf.d/nginx.conf:13
2021/02/01 19:12:16 [emerg] 1#1: host not found in upstream "php-fpm" in /etc/nginx/conf.d/nginx.conf:13
2021/02/01 19:12:36 [emerg] 1#1: host not found in upstream "php-fpm" in /etc/nginx/conf.d/nginx.conf:13
2021/02/01 19:12:38 [emerg] 1#1: host not found in upstream "php-fpm" in /etc/nginx/conf.d/nginx.conf:13
2021/02/01 19:12:40 [emerg] 1#1: host not found in upstream "php-fpm" in /etc/nginx/conf.d/nginx.conf:13
2021/02/01 19:12:44 [emerg] 1#1: host not found in upstream "php-fpm" in /etc/nginx/conf.d/nginx.conf:13
2021/02/01 19:13:03 [emerg] 1#1: host not found in upstream "php-fpm" in /etc/nginx/conf.d/nginx.conf:13
2021/02/01 19:13:03 [emerg] 1#1: host not found in upstream "php-fpm" in /etc/nginx/conf.d/nginx.conf:13
2021/02/01 19:13:07 [emerg] 1#1: host not found in upstream "php-fpm" in /etc/nginx/conf.d/nginx.conf:13
2021/02/01 19:13:21 [emerg] 1#1: host not found in upstream "php-fpm" in /etc/nginx/conf.d/nginx.conf:13
2021/02/01 19:13:22 [emerg] 1#1: host not found in upstream "php-fpm" in /etc/nginx/conf.d/nginx.conf:13
2021/02/01 19:13:27 [emerg] 1#1: host not found in upstream "php-fpm" in /etc/nginx/conf.d/nginx.conf:13
2021/02/01 19:13:31 [emerg] 1#1: host not found in upstream "php-fpm" in /etc/nginx/conf.d/nginx.conf:13
2021/02/01 19:13:32 [emerg] 1#1: host not found in upstream "php-fpm" in /etc/nginx/conf.d/nginx.conf:13
2021/02/01 19:13:35 [emerg] 1#1: host not found in upstream "php-fpm" in /etc/nginx/conf.d/nginx.conf:13
2021/02/01 19:13:48 [emerg] 1#1: host not found in upstream "php-fpm" in /etc/nginx/conf.d/nginx.conf:13
2021/02/01 19:13:57 [emerg] 1#1: host not found in upstream "php-fpm" in /etc/nginx/conf.d/nginx.conf:13
2021/02/01 19:14:04 [emerg] 1#1: host not found in upstream "php-fpm" in /etc/nginx/conf.d/nginx.conf:13
2021/02/01 19:14:07 [emerg] 1#1: host not found in upstream "php-fpm" in /etc/nginx/conf.d/nginx.conf:13
2021/02/01 19:14:12 [emerg] 1#1: host not found in upstream "php-fpm" in /etc/nginx/conf.d/nginx.conf:13
2021/02/01 19:14:15 [emerg] 1#1: host not found in upstream "php-fpm" in /etc/nginx/conf.d/nginx.conf:13
2021/02/01 19:14:35 [emerg] 1#1: host not found in upstream "php-fpm" in /etc/nginx/conf.d/nginx.conf:13
2021/02/01 19:14:36 [emerg] 1#1: host not found in upstream "php-fpm" in /etc/nginx/conf.d/nginx.conf:13
2021/02/01 19:14:43 [emerg] 1#1: host not found in upstream "php-fpm" in /etc/nginx/conf.d/nginx.conf:13
2021/02/01 19:14:48 [emerg] 1#1: host not found in upstream "php-fpm" in /etc/nginx/conf.d/nginx.conf:13
2021/02/01 19:15:07 [emerg] 1#1: host not found in upstream "php-fpm" in /etc/nginx/conf.d/nginx.conf:13
2021/02/01 19:15:08 [emerg] 1#1: host not found in upstream "php-fpm" in /etc/nginx/conf.d/nginx.conf:13
2021/02/01 19:15:08 [emerg] 1#1: host not found in upstream "php-fpm" in /etc/nginx/conf.d/nginx.conf:13
2021/02/01 19:19:12 [emerg] 1#1: host not found in upstream "php-fpm" in /etc/nginx/conf.d/nginx.conf:13
2021/02/01 19:19:28 [emerg] 1#1: host not found in upstream "php-fpm" in /etc/nginx/conf.d/nginx.conf:13
2021/02/01 19:19:32 [emerg] 1#1: host not found in upstream "php-fpm" in /etc/nginx/conf.d/nginx.conf:13
2021/02/01 19:19:38 [emerg] 1#1: host not found in upstream "php-fpm" in /etc/nginx/conf.d/nginx.conf:13
2021/02/01 19:19:39 [emerg] 1#1: host not found in upstream "php-fpm" in /etc/nginx/conf.d/nginx.conf:13
2021/02/01 19:19:43 [emerg] 1#1: host not found in upstream "php-fpm" in /etc/nginx/conf.d/nginx.conf:13
2021/02/01 19:19:47 [emerg] 1#1: host not found in upstream "php-fpm" in /etc/nginx/conf.d/nginx.conf:13
2021/02/01 19:20:00 [emerg] 1#1: host not found in upstream "php-fpm" in /etc/nginx/conf.d/nginx.conf:13
2021/02/01 19:20:02 [emerg] 1#1: host not found in upstream "php-fpm" in /etc/nginx/conf.d/nginx.conf:13
2021/02/01 19:20:03 [emerg] 1#1: host not found in upstream "php-fpm" in /etc/nginx/conf.d/nginx.conf:13
2021/02/01 19:20:18 [emerg] 1#1: host not found in upstream "php-fpm" in /etc/nginx/conf.d/nginx.conf:13
2021/02/01 19:20:20 [emerg] 1#1: host not found in upstream "php-fpm" in /etc/nginx/conf.d/nginx.conf:13
2021/02/01 19:20:22 [emerg] 1#1: host not found in upstream "php-fpm" in /etc/nginx/conf.d/nginx.conf:13
2021/02/01 19:20:37 [emerg] 1#1: host not found in upstream "php-fpm" in /etc/nginx/conf.d/nginx.conf:13
2021/02/01 19:20:38 [emerg] 1#1: host not found in upstream "php-fpm" in /etc/nginx/conf.d/nginx.conf:13
2021/02/01 19:20:40 [emerg] 1#1: host not found in upstream "php-fpm" in /etc/nginx/conf.d/nginx.conf:13
2021/02/01 19:20:55 [emerg] 1#1: host not found in upstream "php-fpm" in /etc/nginx/conf.d/nginx.conf:13
2021/02/01 19:20:57 [emerg] 1#1: host not found in upstream "php-fpm" in /etc/nginx/conf.d/nginx.conf:13
2021/02/01 19:20:58 [emerg] 1#1: host not found in upstream "php-fpm" in /etc/nginx/conf.d/nginx.conf:13
2021/02/01 19:21:13 [emerg] 1#1: host not found in upstream "php-fpm" in /etc/nginx/conf.d/nginx.conf:13
2021/02/01 19:21:17 [emerg] 1#1: host not found in upstream "php-fpm" in /etc/nginx/conf.d/nginx.conf:13
2021/02/01 19:21:18 [emerg] 1#1: host not found in upstream "php-fpm" in /etc/nginx/conf.d/nginx.conf:13
2021/02/01 19:21:33 [emerg] 1#1: host not found in upstream "php-fpm" in /etc/nginx/conf.d/nginx.conf:13
2021/02/01 19:21:36 [emerg] 1#1: host not found in upstream "php-fpm" in /etc/nginx/conf.d/nginx.conf:13
2021/02/01 19:21:38 [emerg] 1#1: host not found in upstream "php-fpm" in /etc/nginx/conf.d/nginx.conf:13
2021/02/01 19:21:51 [emerg] 1#1: host not found in upstream "php-fpm" in /etc/nginx/conf.d/nginx.conf:13
2021/02/01 19:21:55 [emerg] 1#1: host not found in upstream "php-fpm" in /etc/nginx/conf.d/nginx.conf:13
2021/02/01 19:21:56 [emerg] 1#1: host not found in upstream "php-fpm" in /etc/nginx/conf.d/nginx.conf:13
2021/02/01 19:22:10 [emerg] 1#1: host not found in upstream "php-fpm" in /etc/nginx/conf.d/nginx.conf:13
2021/02/01 19:22:14 [emerg] 1#1: host not found in upstream "php-fpm" in /etc/nginx/conf.d/nginx.conf:13
2021/02/01 19:22:16 [emerg] 1#1: host not found in upstream "php-fpm" in /etc/nginx/conf.d/nginx.conf:13
2021/02/01 19:22:35 [emerg] 1#1: host not found in upstream "php-fpm" in /etc/nginx/conf.d/nginx.conf:13
2021/02/01 19:22:36 [emerg] 1#1: host not found in upstream "php-fpm" in /etc/nginx/conf.d/nginx.conf:13
2021/02/01 19:22:36 [emerg] 1#1: host not found in upstream "php-fpm" in /etc/nginx/conf.d/nginx.conf:13
2021/02/01 19:23:02 [emerg] 1#1: host not found in upstream "php-fpm" in /etc/nginx/conf.d/nginx.conf:13
2021/02/01 19:23:07 [emerg] 1#1: host not found in upstream "php-fpm" in /etc/nginx/conf.d/nginx.conf:13
2021/02/01 19:23:09 [emerg] 1#1: host not found in upstream "php-fpm" in /etc/nginx/conf.d/nginx.conf:13
2021/02/01 19:23:19 [emerg] 1#1: host not found in upstream "php-fpm" in /etc/nginx/conf.d/nginx.conf:13
2021/02/01 19:23:35 [emerg] 1#1: host not found in upstream "php-fpm" in /etc/nginx/conf.d/nginx.conf:13
2021/02/01 19:23:37 [emerg] 1#1: host not found in upstream "php-fpm" in /etc/nginx/conf.d/nginx.conf:13
2021/02/01 19:23:42 [emerg] 1#1: host not found in upstream "php-fpm" in /etc/nginx/conf.d/nginx.conf:13
2021/02/01 19:24:02 [emerg] 1#1: host not found in upstream "php-fpm" in /etc/nginx/conf.d/nginx.conf:13
2021/02/01 19:24:03 [emerg] 1#1: host not found in upstream "php-fpm" in /etc/nginx/conf.d/nginx.conf:13
2021/02/01 19:24:07 [emerg] 1#1: host not found in upstream "php-fpm" in /etc/nginx/conf.d/nginx.conf:13
2021/02/01 19:24:37 [emerg] 1#1: host not found in upstream "php-fpm" in /etc/nginx/conf.d/nginx.conf:13
2021/02/01 19:24:42 [emerg] 1#1: host not found in upstream "php-fpm" in /etc/nginx/conf.d/nginx.conf:13
2021/02/01 19:24:42 [emerg] 1#1: host not found in upstream "php-fpm" in /etc/nginx/conf.d/nginx.conf:13
2021/02/01 19:24:51 [emerg] 1#1: host not found in upstream "php-fpm" in /etc/nginx/conf.d/nginx.conf:13
2021/02/01 19:24:58 [emerg] 1#1: host not found in upstream "php-fpm" in /etc/nginx/conf.d/nginx.conf:13
2021/02/01 19:24:58 [emerg] 1#1: host not found in upstream "php-fpm" in /etc/nginx/conf.d/nginx.conf:13
2021/02/01 19:25:24 [emerg] 1#1: host not found in upstream "php-fpm" in /etc/nginx/conf.d/nginx.conf:13
2021/02/01 19:25:25 [emerg] 1#1: host not found in upstream "php-fpm" in /etc/nginx/conf.d/nginx.conf:13
2021/02/01 19:25:26 [emerg] 1#1: host not found in upstream "php-fpm" in /etc/nginx/conf.d/nginx.conf:13
2021/02/01 19:25:49 [emerg] 1#1: host not found in upstream "php-fpm" in /etc/nginx/conf.d/nginx.conf:13
2021/02/01 19:25:59 [emerg] 1#1: host not found in upstream "php-fpm" in /etc/nginx/conf.d/nginx.conf:13
2021/02/01 19:25:59 [emerg] 1#1: host not found in upstream "php-fpm" in /etc/nginx/conf.d/nginx.conf:13
2021/02/01 19:26:26 [emerg] 1#1: host not found in upstream "php-fpm" in /etc/nginx/conf.d/nginx.conf:13
2021/02/01 19:26:26 [emerg] 1#1: host not found in upstream "php-fpm" in /etc/nginx/conf.d/nginx.conf:13
2021/02/01 19:26:26 [emerg] 1#1: host not found in upstream "php-fpm" in /etc/nginx/conf.d/nginx.conf:13
2021/02/01 19:26:48 [emerg] 1#1: host not found in upstream "php-fpm" in /etc/nginx/conf.d/nginx.conf:13
2021/02/01 19:26:49 [emerg] 1#1: host not found in upstream "php-fpm" in /etc/nginx/conf.d/nginx.conf:13
2021/02/01 19:26:52 [emerg] 1#1: host not found in upstream "php-fpm" in /etc/nginx/conf.d/nginx.conf:13
2021/02/01 19:27:18 [emerg] 1#1: host not found in upstream "php-fpm" in /etc/nginx/conf.d/nginx.conf:13
2021/02/01 19:27:23 [emerg] 1#1: host not found in upstream "php-fpm" in /etc/nginx/conf.d/nginx.conf:13
2021/02/01 19:27:24 [emerg] 1#1: host not found in upstream "php-fpm" in /etc/nginx/conf.d/nginx.conf:13
2021/02/01 19:27:54 [emerg] 1#1: host not found in upstream "php-fpm" in /etc/nginx/conf.d/nginx.conf:13
2021/02/01 19:27:54 [emerg] 1#1: host not found in upstream "php-fpm" in /etc/nginx/conf.d/nginx.conf:13
2021/02/01 19:27:54 [emerg] 1#1: host not found in upstream "php-fpm" in /etc/nginx/conf.d/nginx.conf:13
2021/02/01 19:28:21 [emerg] 1#1: host not found in upstream "php-fpm" in /etc/nginx/conf.d/nginx.conf:13
2021/02/01 19:28:24 [emerg] 1#1: host not found in upstream "php-fpm" in /etc/nginx/conf.d/nginx.conf:13
2021/02/01 19:28:25 [emerg] 1#1: host not found in upstream "php-fpm" in /etc/nginx/conf.d/nginx.conf:13
2021/02/01 19:28:48 [emerg] 1#1: host not found in upstream "php-fpm" in /etc/nginx/conf.d/nginx.conf:13
2021/02/01 19:28:49 [emerg] 1#1: host not found in upstream "php-fpm" in /etc/nginx/conf.d/nginx.conf:13
2021/02/01 19:28:50 [emerg] 1#1: host not found in upstream "php-fpm" in /etc/nginx/conf.d/nginx.conf:13
2021/02/01 19:29:18 [emerg] 1#1: host not found in upstream "php-fpm" in /etc/nginx/conf.d/nginx.conf:13
2021/02/01 19:29:19 [emerg] 1#1: host not found in upstream "php-fpm" in /etc/nginx/conf.d/nginx.conf:13
2021/02/01 19:29:23 [emerg] 1#1: host not found in upstream "php-fpm" in /etc/nginx/conf.d/nginx.conf:13
2021/02/01 19:29:55 [emerg] 1#1: host not found in upstream "php-fpm" in /etc/nginx/conf.d/nginx.conf:13
2021/02/01 19:30:03 [emerg] 1#1: host not found in upstream "php-fpm" in /etc/nginx/conf.d/nginx.conf:13
2021/02/01 19:30:03 [emerg] 1#1: host not found in upstream "php-fpm" in /etc/nginx/conf.d/nginx.conf:13
2021/02/01 19:30:13 [emerg] 1#1: host not found in upstream "php-fpm" in /etc/nginx/conf.d/nginx.conf:13
2021/02/01 19:30:25 [emerg] 1#1: host not found in upstream "php-fpm" in /etc/nginx/conf.d/nginx.conf:13
2021/02/01 19:30:30 [emerg] 1#1: host not found in upstream "php-fpm" in /etc/nginx/conf.d/nginx.conf:13
2021/02/01 19:30:30 [emerg] 1#1: host not found in upstream "php-fpm" in /etc/nginx/conf.d/nginx.conf:13
2021/02/01 19:30:42 [emerg] 1#1: host not found in upstream "php-fpm" in /etc/nginx/conf.d/nginx.conf:13
2021/02/01 19:30:58 [emerg] 1#1: host not found in upstream "php-fpm" in /etc/nginx/conf.d/nginx.conf:13
2021/02/01 19:31:02 [emerg] 1#1: host not found in upstream "php-fpm" in /etc/nginx/conf.d/nginx.conf:13
2021/02/01 19:31:02 [emerg] 1#1: host not found in upstream "php-fpm" in /etc/nginx/conf.d/nginx.conf:13
2021/02/01 19:31:29 [emerg] 1#1: host not found in upstream "php-fpm" in /etc/nginx/conf.d/nginx.conf:13
2021/02/01 19:31:29 [emerg] 1#1: host not found in upstream "php-fpm" in /etc/nginx/conf.d/nginx.conf:13
2021/02/01 19:31:33 [emerg] 1#1: host not found in upstream "php-fpm" in /etc/nginx/conf.d/nginx.conf:13
2021/02/01 19:31:54 [emerg] 1#1: host not found in upstream "php-fpm" in /etc/nginx/conf.d/nginx.conf:13
2021/02/01 19:31:57 [emerg] 1#1: host not found in upstream "php-fpm" in /etc/nginx/conf.d/nginx.conf:13
2021/02/01 19:31:59 [emerg] 1#1: host not found in upstream "php-fpm" in /etc/nginx/conf.d/nginx.conf:13
2021/02/01 19:32:29 [emerg] 1#1: host not found in upstream "php-fpm" in /etc/nginx/conf.d/nginx.conf:13
2021/02/01 19:32:30 [emerg] 1#1: host not found in upstream "php-fpm" in /etc/nginx/conf.d/nginx.conf:13
2021/02/01 19:32:34 [emerg] 1#1: host not found in upstream "php-fpm" in /etc/nginx/conf.d/nginx.conf:13
2021/02/01 19:32:59 [emerg] 1#1: host not found in upstream "php-fpm" in /etc/nginx/conf.d/nginx.conf:13
2021/02/01 19:32:59 [emerg] 1#1: host not found in upstream "php-fpm" in /etc/nginx/conf.d/nginx.conf:13
2021/02/01 19:33:03 [emerg] 1#1: host not found in upstream "php-fpm" in /etc/nginx/conf.d/nginx.conf:13
2021/02/01 19:33:27 [emerg] 1#1: host not found in upstream "php-fpm" in /etc/nginx/conf.d/nginx.conf:13
2021/02/01 19:33:26 [emerg] 1#1: host not found in upstream "php-fpm" in /etc/nginx/conf.d/nginx.conf:13
2021/02/01 19:33:27 [emerg] 1#1: host not found in upstream "php-fpm" in /etc/nginx/conf.d/nginx.conf:13
2021/02/01 19:33:42 [emerg] 1#1: host not found in upstream "php-fpm" in /etc/nginx/conf.d/nginx.conf:13
2021/02/01 19:34:03 [emerg] 1#1: host not found in upstream "php-fpm" in /etc/nginx/conf.d/nginx.conf:13
2021/02/01 19:34:03 [emerg] 1#1: host not found in upstream "php-fpm" in /etc/nginx/conf.d/nginx.conf:13
2021/02/01 19:34:04 [emerg] 1#1: host not found in upstream "php-fpm" in /etc/nginx/conf.d/nginx.conf:13
2021/02/01 19:34:32 [emerg] 1#1: host not found in upstream "php-fpm" in /etc/nginx/conf.d/nginx.conf:13
2021/02/01 19:34:32 [emerg] 1#1: host not found in upstream "php-fpm" in /etc/nginx/conf.d/nginx.conf:13
2021/02/01 19:34:33 [emerg] 1#1: host not found in upstream "php-fpm" in /etc/nginx/conf.d/nginx.conf:13
2021/02/01 19:35:08 [emerg] 1#1: host not found in upstream "php-fpm" in /etc/nginx/conf.d/nginx.conf:13
2021/02/01 19:35:12 [emerg] 1#1: host not found in upstream "php-fpm" in /etc/nginx/conf.d/nginx.conf:13
2021/02/01 19:35:11 [emerg] 1#1: host not found in upstream "php-fpm" in /etc/nginx/conf.d/nginx.conf:13
2021/02/01 19:35:24 [emerg] 1#1: host not found in upstream "php-fpm" in /etc/nginx/conf.d/nginx.conf:13
2021/02/01 19:35:32 [emerg] 1#1: host not found in upstream "php-fpm" in /etc/nginx/conf.d/nginx.conf:13
2021/02/01 19:35:36 [emerg] 1#1: host not found in upstream "php-fpm" in /etc/nginx/conf.d/nginx.conf:13
2021/02/01 19:35:45 [emerg] 1#1: host not found in upstream "php-fpm" in /etc/nginx/conf.d/nginx.conf:13
2021/02/01 19:35:48 [emerg] 1#1: host not found in upstream "php-fpm" in /etc/nginx/conf.d/nginx.conf:13
2021/02/01 19:36:11 [emerg] 1#1: host not found in upstream "php-fpm" in /etc/nginx/conf.d/nginx.conf:13
2021/02/01 19:36:12 [emerg] 1#1: host not found in upstream "php-fpm" in /etc/nginx/conf.d/nginx.conf:13
2021/02/01 19:36:17 [emerg] 1#1: host not found in upstream "php-fpm" in /etc/nginx/conf.d/nginx.conf:13
2021/02/01 19:36:48 [emerg] 1#1: host not found in upstream "php-fpm" in /etc/nginx/conf.d/nginx.conf:13
2021/02/01 19:36:48 [emerg] 1#1: host not found in upstream "php-fpm" in /etc/nginx/conf.d/nginx.conf:13
2021/02/01 19:36:49 [emerg] 1#1: host not found in upstream "php-fpm" in /etc/nginx/conf.d/nginx.conf:13
2021/02/01 19:37:10 [emerg] 1#1: host not found in upstream "php-fpm" in /etc/nginx/conf.d/nginx.conf:13
2021/02/01 19:37:20 [emerg] 1#1: host not found in upstream "php-fpm" in /etc/nginx/conf.d/nginx.conf:13
2021/02/01 19:37:20 [emerg] 1#1: host not found in upstream "php-fpm" in /etc/nginx/conf.d/nginx.conf:13
2021/02/01 19:37:48 [emerg] 1#1: host not found in upstream "php-fpm" in /etc/nginx/conf.d/nginx.conf:13
2021/02/01 19:37:48 [emerg] 1#1: host not found in upstream "php-fpm" in /etc/nginx/conf.d/nginx.conf:13
2021/02/01 19:37:48 [emerg] 1#1: host not found in upstream "php-fpm" in /etc/nginx/conf.d/nginx.conf:13
2021/02/01 19:38:17 [emerg] 1#1: host not found in upstream "php-fpm" in /etc/nginx/conf.d/nginx.conf:13
2021/02/01 19:38:18 [emerg] 1#1: host not found in upstream "php-fpm" in /etc/nginx/conf.d/nginx.conf:13
2021/02/01 19:38:19 [emerg] 1#1: host not found in upstream "php-fpm" in /etc/nginx/conf.d/nginx.conf:13
2021/02/01 19:41:53 [emerg] 1#1: host not found in upstream "php-fpm" in /etc/nginx/conf.d/nginx.conf:13
2021/02/01 19:43:02 [error] 21#21: *1 open() "/var/www/simple-chat/favicon.ico" failed (2: No such file or directory), client: 10.0.0.2, server: _, request: "GET /favicon.ico HTTP/1.1", host: "localhost:11080", referrer: "http://localhost:11080/"
2021/02/01 19:43:07 [error] 21#21: *1 open() "/var/www/simple-chat/favicon.ico" failed (2: No such file or directory), client: 10.0.0.2, server: _, request: "GET /favicon.ico HTTP/1.1", host: "localhost:11080", referrer: "http://localhost:11080/"
2021/02/01 19:52:05 [emerg] 1#1: host not found in upstream "php-fpm" in /etc/nginx/conf.d/nginx.conf:13
2021/02/01 19:53:56 [error] 20#20: *1 open() "/var/www/simple-chat/favicon.ico" failed (2: No such file or directory), client: 10.0.0.2, server: _, request: "GET /favicon.ico HTTP/1.1", host: "localhost:11080", referrer: "http://localhost:11080/"
